<?xml version="1.0" encoding="UTF-8"?>
<testng-results ignored="0" total="1" passed="1" failed="0" skipped="0">
  <reporter-output>
  </reporter-output>
  <suite started-at="2023-04-07T19:32:34 IST" name="Default suite" finished-at="2023-04-07T19:32:41 IST" duration-ms="7304">
    <groups>
    </groups>
    <test started-at="2023-04-07T19:32:34 IST" name="Default test" finished-at="2023-04-07T19:32:41 IST" duration-ms="7304">
      <class name="test_class.PostTc1">
        <test-method signature="orchestrator()[pri:1, instance:test_class.PostTc1@3e6f3f28]" started-at="2023-04-07T19:32:34 IST" name="orchestrator" description="POST-API VALIDATION" finished-at="2023-04-07T19:32:41 IST" duration-ms="7100" status="PASS">
          <reporter-output>
          </reporter-output>
        </test-method> <!-- orchestrator -->
      </class> <!-- test_class.PostTc1 -->
    </test> <!-- Default test -->
  </suite> <!-- Default suite -->
</testng-results>
