<?xml version="1.0" encoding="UTF-8"?>
<!-- Generated by org.testng.reporters.JUnitXMLReporter -->
<testsuite ignored="0" hostname="Haribhau" failures="0" tests="4" name="Test" time="11.965" errors="0" timestamp="2023-04-07T15:55:27 IST">
  <testcase classname="test_class.GetTc1" name="orchestrator" time="5.728"/>
  <testcase classname="test_class.PatchTc1" name="orchestrator" time="3.01"/>
  <testcase classname="test_class.PostTc1" name="orchestrator" time="1.694"/>
  <testcase classname="test_class.PutTc1" name="orchestrator" time="1.284"/>
</testsuite> <!-- Test -->
